04:53:18.638 DEBUG org.hibernate.SQL - select u1_0.id,u1_0.address,u1_0.avatar,u1_0.config,u1_0.created_at,u1_0.created_by,u1_0.dob,u1_0.email,u1_0.fullname,u1_0.membership_level,u1_0.password,u1_0.phone,u1_0.points,u1_0.soft_deleted,u1_0.status,u1_0.total_spent,u1_0.updated_at,u1_0.username from users u1_0 where u1_0.username=?
04:53:19.004 DEBUG org.hibernate.SQL - select r1_0.users_id,r1_1.id,r1_1.created_at,r1_1.created_by,r1_1.description,r1_1.name,r1_1.updated_at from users_roles r1_0 join roles r1_1 on r1_1.id=r1_0.roles_id where r1_0.users_id=?
04:53:19.124 DEBUG org.hibernate.SQL - select p1_0.roles_id,p1_1.id,p1_1.created_at,p1_1.created_by,p1_1.description,p1_1.name,p1_1.updated_at from roles_permissions p1_0 join permissions p1_1 on p1_1.id=p1_0.permissions_id where p1_0.roles_id=?
04:53:19.505 DEBUG org.hibernate.SQL - select c1_0.id,c1_0.config,c1_0.created_at,c1_0.created_by,c1_0.description,c1_0.is_default,c1_0.name,c1_0.slug,c1_0.status,c1_0.updated_at from collections c1_0 where 1=1 and c1_0.is_default=? order by c1_0.id limit ?,?
04:53:19.508 DEBUG org.hibernate.SQL - select p1_0.id,p1_0.category_id,p1_0.color,p1_0.config,p1_0.created_at,p1_0.created_by,p1_0.description,p1_0.name,p1_0.quantity,p1_0.slug,p1_0.soft_deleted,p1_0.status,p1_0.unit_price,p1_0.updated_at from products p1_0 where 1=1 and p1_0.soft_deleted=? order by p1_0.id limit ?,?
04:53:19.513 DEBUG org.hibernate.SQL - select count(*) from invalidated_token it1_0 where it1_0.id=?
04:53:19.540 DEBUG org.hibernate.SQL - select oi1_0.id,oi1_0.config,oi1_0.created_at,oi1_0.created_by,oi1_0.order_id,p1_0.id,p1_0.category_id,p1_0.color,p1_0.config,p1_0.created_at,p1_0.created_by,p1_0.description,p1_0.name,p1_0.quantity,p1_0.slug,p1_0.soft_deleted,p1_0.status,p1_0.unit_price,p1_0.updated_at,oi1_0.quantity,oi1_0.unit_price,oi1_0.updated_at from order_items oi1_0 left join products p1_0 on p1_0.id=oi1_0.product_id where oi1_0.product_id=?
04:53:19.549 DEBUG org.hibernate.SQL - select i1_0.collection_id,i1_0.id,i1_0.created_at,i1_0.created_by,i1_0.is_default,i1_0.path,i1_0.updated_at from collection_images i1_0 where i1_0.collection_id=?
04:53:19.560 DEBUG org.hibernate.SQL - select oi1_0.id,oi1_0.config,oi1_0.created_at,oi1_0.created_by,oi1_0.order_id,p1_0.id,p1_0.category_id,p1_0.color,p1_0.config,p1_0.created_at,p1_0.created_by,p1_0.description,p1_0.name,p1_0.quantity,p1_0.slug,p1_0.soft_deleted,p1_0.status,p1_0.unit_price,p1_0.updated_at,oi1_0.quantity,oi1_0.unit_price,oi1_0.updated_at from order_items oi1_0 left join products p1_0 on p1_0.id=oi1_0.product_id where oi1_0.product_id=?
04:53:19.565 DEBUG org.hibernate.SQL - select oi1_0.id,oi1_0.config,oi1_0.created_at,oi1_0.created_by,oi1_0.order_id,p1_0.id,p1_0.category_id,p1_0.color,p1_0.config,p1_0.created_at,p1_0.created_by,p1_0.description,p1_0.name,p1_0.quantity,p1_0.slug,p1_0.soft_deleted,p1_0.status,p1_0.unit_price,p1_0.updated_at,oi1_0.quantity,oi1_0.unit_price,oi1_0.updated_at from order_items oi1_0 left join products p1_0 on p1_0.id=oi1_0.product_id where oi1_0.product_id=?
04:53:19.568 DEBUG org.hibernate.SQL - select u1_0.id,u1_0.address,u1_0.avatar,u1_0.config,u1_0.created_at,u1_0.created_by,u1_0.dob,u1_0.email,u1_0.fullname,u1_0.membership_level,u1_0.password,u1_0.phone,u1_0.points,u1_0.soft_deleted,u1_0.status,u1_0.total_spent,u1_0.updated_at,u1_0.username from users u1_0 where u1_0.username=?
04:53:19.577 DEBUG org.hibernate.SQL - select oi1_0.id,oi1_0.config,oi1_0.created_at,oi1_0.created_by,oi1_0.order_id,p1_0.id,p1_0.category_id,p1_0.color,p1_0.config,p1_0.created_at,p1_0.created_by,p1_0.description,p1_0.name,p1_0.quantity,p1_0.slug,p1_0.soft_deleted,p1_0.status,p1_0.unit_price,p1_0.updated_at,oi1_0.quantity,oi1_0.unit_price,oi1_0.updated_at from order_items oi1_0 left join products p1_0 on p1_0.id=oi1_0.product_id where oi1_0.product_id=?
04:53:19.585 DEBUG org.hibernate.SQL - select oi1_0.id,oi1_0.config,oi1_0.created_at,oi1_0.created_by,oi1_0.order_id,p1_0.id,p1_0.category_id,p1_0.color,p1_0.config,p1_0.created_at,p1_0.created_by,p1_0.description,p1_0.name,p1_0.quantity,p1_0.slug,p1_0.soft_deleted,p1_0.status,p1_0.unit_price,p1_0.updated_at,oi1_0.quantity,oi1_0.unit_price,oi1_0.updated_at from order_items oi1_0 left join products p1_0 on p1_0.id=oi1_0.product_id where oi1_0.product_id=?
04:53:19.590 DEBUG org.hibernate.SQL - select r1_0.users_id,r1_1.id,r1_1.created_at,r1_1.created_by,r1_1.description,r1_1.name,r1_1.updated_at from users_roles r1_0 join roles r1_1 on r1_1.id=r1_0.roles_id where r1_0.users_id=?
04:53:19.592 DEBUG org.hibernate.SQL - select oi1_0.id,oi1_0.config,oi1_0.created_at,oi1_0.created_by,oi1_0.order_id,p1_0.id,p1_0.category_id,p1_0.color,p1_0.config,p1_0.created_at,p1_0.created_by,p1_0.description,p1_0.name,p1_0.quantity,p1_0.slug,p1_0.soft_deleted,p1_0.status,p1_0.unit_price,p1_0.updated_at,oi1_0.quantity,oi1_0.unit_price,oi1_0.updated_at from order_items oi1_0 left join products p1_0 on p1_0.id=oi1_0.product_id where oi1_0.product_id=?
04:53:19.601 DEBUG org.hibernate.SQL - select p1_0.roles_id,p1_1.id,p1_1.created_at,p1_1.created_by,p1_1.description,p1_1.name,p1_1.updated_at from roles_permissions p1_0 join permissions p1_1 on p1_1.id=p1_0.permissions_id where p1_0.roles_id=?
04:53:19.615 DEBUG org.hibernate.SQL - select i1_0.product_id,i1_0.id,i1_0.created_at,i1_0.created_by,i1_0.is_default,i1_0.path,i1_0.updated_at from product_images i1_0 where i1_0.product_id=?
04:53:19.634 DEBUG org.hibernate.SQL - select i1_0.product_id,i1_0.id,i1_0.created_at,i1_0.created_by,i1_0.is_default,i1_0.path,i1_0.updated_at from product_images i1_0 where i1_0.product_id=?
04:53:19.648 DEBUG org.hibernate.SQL - select i1_0.product_id,i1_0.id,i1_0.created_at,i1_0.created_by,i1_0.is_default,i1_0.path,i1_0.updated_at from product_images i1_0 where i1_0.product_id=?
04:53:19.655 DEBUG org.hibernate.SQL - select i1_0.product_id,i1_0.id,i1_0.created_at,i1_0.created_by,i1_0.is_default,i1_0.path,i1_0.updated_at from product_images i1_0 where i1_0.product_id=?
04:53:19.663 DEBUG org.hibernate.SQL - select i1_0.product_id,i1_0.id,i1_0.created_at,i1_0.created_by,i1_0.is_default,i1_0.path,i1_0.updated_at from product_images i1_0 where i1_0.product_id=?
04:53:19.666 DEBUG org.hibernate.SQL - select count(*) from invalidated_token it1_0 where it1_0.id=?
04:53:19.670 DEBUG org.hibernate.SQL - select i1_0.product_id,i1_0.id,i1_0.created_at,i1_0.created_by,i1_0.is_default,i1_0.path,i1_0.updated_at from product_images i1_0 where i1_0.product_id=?
04:53:19.688 DEBUG org.hibernate.SQL - select c1_0.id,c1_0.config,c1_0.created_at,c1_0.created_by,c1_0.description,c1_0.is_default,c1_0.name,c1_0.slug,c1_0.status,c1_0.updated_at from collections c1_0 where 1=1 and c1_0.is_default=? order by c1_0.id limit ?,?
04:53:19.723 DEBUG org.hibernate.SQL - select i1_0.collection_id,i1_0.id,i1_0.created_at,i1_0.created_by,i1_0.is_default,i1_0.path,i1_0.updated_at from collection_images i1_0 where i1_0.collection_id=?
04:53:19.763 DEBUG org.hibernate.SQL - select u1_0.id,u1_0.address,u1_0.avatar,u1_0.config,u1_0.created_at,u1_0.created_by,u1_0.dob,u1_0.email,u1_0.fullname,u1_0.membership_level,u1_0.password,u1_0.phone,u1_0.points,u1_0.soft_deleted,u1_0.status,u1_0.total_spent,u1_0.updated_at,u1_0.username from users u1_0 where u1_0.username=?
04:53:19.776 DEBUG org.hibernate.SQL - select r1_0.users_id,r1_1.id,r1_1.created_at,r1_1.created_by,r1_1.description,r1_1.name,r1_1.updated_at from users_roles r1_0 join roles r1_1 on r1_1.id=r1_0.roles_id where r1_0.users_id=?
04:53:19.784 DEBUG org.hibernate.SQL - select p1_0.id,p1_0.category_id,p1_0.color,p1_0.config,p1_0.created_at,p1_0.created_by,p1_0.description,p1_0.name,p1_0.quantity,p1_0.slug,p1_0.soft_deleted,p1_0.status,p1_0.unit_price,p1_0.updated_at from products p1_0 where 1=1 and p1_0.soft_deleted=? order by p1_0.id limit ?,?
04:53:19.785 DEBUG org.hibernate.SQL - select p1_0.roles_id,p1_1.id,p1_1.created_at,p1_1.created_by,p1_1.description,p1_1.name,p1_1.updated_at from roles_permissions p1_0 join permissions p1_1 on p1_1.id=p1_0.permissions_id where p1_0.roles_id=?
04:53:19.791 DEBUG org.hibernate.SQL - select oi1_0.id,oi1_0.config,oi1_0.created_at,oi1_0.created_by,oi1_0.order_id,p1_0.id,p1_0.category_id,p1_0.color,p1_0.config,p1_0.created_at,p1_0.created_by,p1_0.description,p1_0.name,p1_0.quantity,p1_0.slug,p1_0.soft_deleted,p1_0.status,p1_0.unit_price,p1_0.updated_at,oi1_0.quantity,oi1_0.unit_price,oi1_0.updated_at from order_items oi1_0 left join products p1_0 on p1_0.id=oi1_0.product_id where oi1_0.product_id=?
04:53:19.802 DEBUG org.hibernate.SQL - select oi1_0.id,oi1_0.config,oi1_0.created_at,oi1_0.created_by,oi1_0.order_id,p1_0.id,p1_0.category_id,p1_0.color,p1_0.config,p1_0.created_at,p1_0.created_by,p1_0.description,p1_0.name,p1_0.quantity,p1_0.slug,p1_0.soft_deleted,p1_0.status,p1_0.unit_price,p1_0.updated_at,oi1_0.quantity,oi1_0.unit_price,oi1_0.updated_at from order_items oi1_0 left join products p1_0 on p1_0.id=oi1_0.product_id where oi1_0.product_id=?
04:53:19.809 DEBUG org.hibernate.SQL - select oi1_0.id,oi1_0.config,oi1_0.created_at,oi1_0.created_by,oi1_0.order_id,p1_0.id,p1_0.category_id,p1_0.color,p1_0.config,p1_0.created_at,p1_0.created_by,p1_0.description,p1_0.name,p1_0.quantity,p1_0.slug,p1_0.soft_deleted,p1_0.status,p1_0.unit_price,p1_0.updated_at,oi1_0.quantity,oi1_0.unit_price,oi1_0.updated_at from order_items oi1_0 left join products p1_0 on p1_0.id=oi1_0.product_id where oi1_0.product_id=?
04:53:19.816 DEBUG org.hibernate.SQL - select oi1_0.id,oi1_0.config,oi1_0.created_at,oi1_0.created_by,oi1_0.order_id,p1_0.id,p1_0.category_id,p1_0.color,p1_0.config,p1_0.created_at,p1_0.created_by,p1_0.description,p1_0.name,p1_0.quantity,p1_0.slug,p1_0.soft_deleted,p1_0.status,p1_0.unit_price,p1_0.updated_at,oi1_0.quantity,oi1_0.unit_price,oi1_0.updated_at from order_items oi1_0 left join products p1_0 on p1_0.id=oi1_0.product_id where oi1_0.product_id=?
04:53:19.821 DEBUG org.hibernate.SQL - select oi1_0.id,oi1_0.config,oi1_0.created_at,oi1_0.created_by,oi1_0.order_id,p1_0.id,p1_0.category_id,p1_0.color,p1_0.config,p1_0.created_at,p1_0.created_by,p1_0.description,p1_0.name,p1_0.quantity,p1_0.slug,p1_0.soft_deleted,p1_0.status,p1_0.unit_price,p1_0.updated_at,oi1_0.quantity,oi1_0.unit_price,oi1_0.updated_at from order_items oi1_0 left join products p1_0 on p1_0.id=oi1_0.product_id where oi1_0.product_id=?
04:53:19.827 DEBUG org.hibernate.SQL - select oi1_0.id,oi1_0.config,oi1_0.created_at,oi1_0.created_by,oi1_0.order_id,p1_0.id,p1_0.category_id,p1_0.color,p1_0.config,p1_0.created_at,p1_0.created_by,p1_0.description,p1_0.name,p1_0.quantity,p1_0.slug,p1_0.soft_deleted,p1_0.status,p1_0.unit_price,p1_0.updated_at,oi1_0.quantity,oi1_0.unit_price,oi1_0.updated_at from order_items oi1_0 left join products p1_0 on p1_0.id=oi1_0.product_id where oi1_0.product_id=?
04:53:19.838 DEBUG org.hibernate.SQL - select i1_0.product_id,i1_0.id,i1_0.created_at,i1_0.created_by,i1_0.is_default,i1_0.path,i1_0.updated_at from product_images i1_0 where i1_0.product_id=?
04:53:19.843 DEBUG org.hibernate.SQL - select i1_0.product_id,i1_0.id,i1_0.created_at,i1_0.created_by,i1_0.is_default,i1_0.path,i1_0.updated_at from product_images i1_0 where i1_0.product_id=?
04:53:19.850 DEBUG org.hibernate.SQL - select i1_0.product_id,i1_0.id,i1_0.created_at,i1_0.created_by,i1_0.is_default,i1_0.path,i1_0.updated_at from product_images i1_0 where i1_0.product_id=?
04:53:19.854 DEBUG org.hibernate.SQL - select i1_0.product_id,i1_0.id,i1_0.created_at,i1_0.created_by,i1_0.is_default,i1_0.path,i1_0.updated_at from product_images i1_0 where i1_0.product_id=?
04:53:19.859 DEBUG org.hibernate.SQL - select i1_0.product_id,i1_0.id,i1_0.created_at,i1_0.created_by,i1_0.is_default,i1_0.path,i1_0.updated_at from product_images i1_0 where i1_0.product_id=?
04:53:19.866 DEBUG org.hibernate.SQL - select i1_0.product_id,i1_0.id,i1_0.created_at,i1_0.created_by,i1_0.is_default,i1_0.path,i1_0.updated_at from product_images i1_0 where i1_0.product_id=?
04:53:22.332 DEBUG org.hibernate.SQL - select count(*) from invalidated_token it1_0 where it1_0.id=?
04:53:22.357 DEBUG org.hibernate.SQL - select u1_0.id,u1_0.address,u1_0.avatar,u1_0.config,u1_0.created_at,u1_0.created_by,u1_0.dob,u1_0.email,u1_0.fullname,u1_0.membership_level,u1_0.password,u1_0.phone,u1_0.points,u1_0.soft_deleted,u1_0.status,u1_0.total_spent,u1_0.updated_at,u1_0.username from users u1_0 where u1_0.username=?
04:53:22.366 DEBUG org.hibernate.SQL - select r1_0.users_id,r1_1.id,r1_1.created_at,r1_1.created_by,r1_1.description,r1_1.name,r1_1.updated_at from users_roles r1_0 join roles r1_1 on r1_1.id=r1_0.roles_id where r1_0.users_id=?
04:53:22.373 DEBUG org.hibernate.SQL - select p1_0.roles_id,p1_1.id,p1_1.created_at,p1_1.created_by,p1_1.description,p1_1.name,p1_1.updated_at from roles_permissions p1_0 join permissions p1_1 on p1_1.id=p1_0.permissions_id where p1_0.roles_id=?
04:53:22.398 DEBUG org.hibernate.SQL - select count(*) from invalidated_token it1_0 where it1_0.id=?
04:53:22.430 DEBUG org.hibernate.SQL - select u1_0.id,u1_0.address,u1_0.avatar,u1_0.config,u1_0.created_at,u1_0.created_by,u1_0.dob,u1_0.email,u1_0.fullname,u1_0.membership_level,u1_0.password,u1_0.phone,u1_0.points,u1_0.soft_deleted,u1_0.status,u1_0.total_spent,u1_0.updated_at,u1_0.username from users u1_0 where u1_0.username=?
04:53:22.437 DEBUG org.hibernate.SQL - select r1_0.users_id,r1_1.id,r1_1.created_at,r1_1.created_by,r1_1.description,r1_1.name,r1_1.updated_at from users_roles r1_0 join roles r1_1 on r1_1.id=r1_0.roles_id where r1_0.users_id=?
04:53:22.443 DEBUG org.hibernate.SQL - select p1_0.roles_id,p1_1.id,p1_1.created_at,p1_1.created_by,p1_1.description,p1_1.name,p1_1.updated_at from roles_permissions p1_0 join permissions p1_1 on p1_1.id=p1_0.permissions_id where p1_0.roles_id=?
04:53:22.540 DEBUG org.hibernate.SQL - select count(*) from invalidated_token it1_0 where it1_0.id=?
04:53:22.564 DEBUG org.hibernate.SQL - select c1_0.id,c1_0.address,c1_0.avatar,c1_0.bank_attachment,c1_0.bank_config,c1_0.config,c1_0.created_at,c1_0.created_by,c1_0.email,c1_0.name,c1_0.phone,c1_0.taxcode,c1_0.updated_at from company c1_0
04:53:22.580 DEBUG org.hibernate.SQL - select ci1_0.company_id,ci1_0.id,ci1_0.address,ci1_0.created_at,ci1_0.created_by,ci1_0.email,ci1_0.person_in_charge,ci1_0.phone,ci1_0.updated_at from company_infos ci1_0 where ci1_0.company_id=?
04:53:22.605 DEBUG org.hibernate.SQL - select u1_0.id,u1_0.address,u1_0.avatar,u1_0.config,u1_0.created_at,u1_0.created_by,u1_0.dob,u1_0.email,u1_0.fullname,u1_0.membership_level,u1_0.password,u1_0.phone,u1_0.points,u1_0.soft_deleted,u1_0.status,u1_0.total_spent,u1_0.updated_at,u1_0.username from users u1_0 where u1_0.id=?
04:53:22.650 DEBUG org.hibernate.SQL - select count(*) from invalidated_token it1_0 where it1_0.id=?
04:53:22.673 DEBUG org.hibernate.SQL - select c1_0.id,c1_0.address,c1_0.avatar,c1_0.bank_attachment,c1_0.bank_config,c1_0.config,c1_0.created_at,c1_0.created_by,c1_0.email,c1_0.name,c1_0.phone,c1_0.taxcode,c1_0.updated_at from company c1_0
04:53:22.683 DEBUG org.hibernate.SQL - select ci1_0.company_id,ci1_0.id,ci1_0.address,ci1_0.created_at,ci1_0.created_by,ci1_0.email,ci1_0.person_in_charge,ci1_0.phone,ci1_0.updated_at from company_infos ci1_0 where ci1_0.company_id=?
04:53:22.690 DEBUG org.hibernate.SQL - select u1_0.id,u1_0.address,u1_0.avatar,u1_0.config,u1_0.created_at,u1_0.created_by,u1_0.dob,u1_0.email,u1_0.fullname,u1_0.membership_level,u1_0.password,u1_0.phone,u1_0.points,u1_0.soft_deleted,u1_0.status,u1_0.total_spent,u1_0.updated_at,u1_0.username from users u1_0 where u1_0.id=?
04:53:24.190 DEBUG org.hibernate.SQL - select p1_0.id,p1_0.category_id,p1_0.color,p1_0.config,p1_0.created_at,p1_0.created_by,p1_0.description,p1_0.name,p1_0.quantity,p1_0.slug,p1_0.soft_deleted,p1_0.status,p1_0.unit_price,p1_0.updated_at from products p1_0 where 1=1 and p1_0.soft_deleted=? order by p1_0.id limit ?,?
04:53:24.195 DEBUG org.hibernate.SQL - select oi1_0.id,oi1_0.config,oi1_0.created_at,oi1_0.created_by,oi1_0.order_id,p1_0.id,p1_0.category_id,p1_0.color,p1_0.config,p1_0.created_at,p1_0.created_by,p1_0.description,p1_0.name,p1_0.quantity,p1_0.slug,p1_0.soft_deleted,p1_0.status,p1_0.unit_price,p1_0.updated_at,oi1_0.quantity,oi1_0.unit_price,oi1_0.updated_at from order_items oi1_0 left join products p1_0 on p1_0.id=oi1_0.product_id where oi1_0.product_id=?
04:53:24.198 DEBUG org.hibernate.SQL - select oi1_0.id,oi1_0.config,oi1_0.created_at,oi1_0.created_by,oi1_0.order_id,p1_0.id,p1_0.category_id,p1_0.color,p1_0.config,p1_0.created_at,p1_0.created_by,p1_0.description,p1_0.name,p1_0.quantity,p1_0.slug,p1_0.soft_deleted,p1_0.status,p1_0.unit_price,p1_0.updated_at,oi1_0.quantity,oi1_0.unit_price,oi1_0.updated_at from order_items oi1_0 left join products p1_0 on p1_0.id=oi1_0.product_id where oi1_0.product_id=?
04:53:24.203 DEBUG org.hibernate.SQL - select oi1_0.id,oi1_0.config,oi1_0.created_at,oi1_0.created_by,oi1_0.order_id,p1_0.id,p1_0.category_id,p1_0.color,p1_0.config,p1_0.created_at,p1_0.created_by,p1_0.description,p1_0.name,p1_0.quantity,p1_0.slug,p1_0.soft_deleted,p1_0.status,p1_0.unit_price,p1_0.updated_at,oi1_0.quantity,oi1_0.unit_price,oi1_0.updated_at from order_items oi1_0 left join products p1_0 on p1_0.id=oi1_0.product_id where oi1_0.product_id=?
04:53:24.207 DEBUG org.hibernate.SQL - select oi1_0.id,oi1_0.config,oi1_0.created_at,oi1_0.created_by,oi1_0.order_id,p1_0.id,p1_0.category_id,p1_0.color,p1_0.config,p1_0.created_at,p1_0.created_by,p1_0.description,p1_0.name,p1_0.quantity,p1_0.slug,p1_0.soft_deleted,p1_0.status,p1_0.unit_price,p1_0.updated_at,oi1_0.quantity,oi1_0.unit_price,oi1_0.updated_at from order_items oi1_0 left join products p1_0 on p1_0.id=oi1_0.product_id where oi1_0.product_id=?
04:53:24.211 DEBUG org.hibernate.SQL - select oi1_0.id,oi1_0.config,oi1_0.created_at,oi1_0.created_by,oi1_0.order_id,p1_0.id,p1_0.category_id,p1_0.color,p1_0.config,p1_0.created_at,p1_0.created_by,p1_0.description,p1_0.name,p1_0.quantity,p1_0.slug,p1_0.soft_deleted,p1_0.status,p1_0.unit_price,p1_0.updated_at,oi1_0.quantity,oi1_0.unit_price,oi1_0.updated_at from order_items oi1_0 left join products p1_0 on p1_0.id=oi1_0.product_id where oi1_0.product_id=?
04:53:24.214 DEBUG org.hibernate.SQL - select oi1_0.id,oi1_0.config,oi1_0.created_at,oi1_0.created_by,oi1_0.order_id,p1_0.id,p1_0.category_id,p1_0.color,p1_0.config,p1_0.created_at,p1_0.created_by,p1_0.description,p1_0.name,p1_0.quantity,p1_0.slug,p1_0.soft_deleted,p1_0.status,p1_0.unit_price,p1_0.updated_at,oi1_0.quantity,oi1_0.unit_price,oi1_0.updated_at from order_items oi1_0 left join products p1_0 on p1_0.id=oi1_0.product_id where oi1_0.product_id=?
04:53:24.222 DEBUG org.hibernate.SQL - select i1_0.product_id,i1_0.id,i1_0.created_at,i1_0.created_by,i1_0.is_default,i1_0.path,i1_0.updated_at from product_images i1_0 where i1_0.product_id=?
04:53:24.227 DEBUG org.hibernate.SQL - select i1_0.product_id,i1_0.id,i1_0.created_at,i1_0.created_by,i1_0.is_default,i1_0.path,i1_0.updated_at from product_images i1_0 where i1_0.product_id=?
04:53:24.230 DEBUG org.hibernate.SQL - select i1_0.product_id,i1_0.id,i1_0.created_at,i1_0.created_by,i1_0.is_default,i1_0.path,i1_0.updated_at from product_images i1_0 where i1_0.product_id=?
04:53:24.234 DEBUG org.hibernate.SQL - select i1_0.product_id,i1_0.id,i1_0.created_at,i1_0.created_by,i1_0.is_default,i1_0.path,i1_0.updated_at from product_images i1_0 where i1_0.product_id=?
04:53:24.237 DEBUG org.hibernate.SQL - select i1_0.product_id,i1_0.id,i1_0.created_at,i1_0.created_by,i1_0.is_default,i1_0.path,i1_0.updated_at from product_images i1_0 where i1_0.product_id=?
04:53:24.241 DEBUG org.hibernate.SQL - select i1_0.product_id,i1_0.id,i1_0.created_at,i1_0.created_by,i1_0.is_default,i1_0.path,i1_0.updated_at from product_images i1_0 where i1_0.product_id=?
04:53:24.264 DEBUG org.hibernate.SQL - select p1_0.id,p1_0.category_id,p1_0.color,p1_0.config,p1_0.created_at,p1_0.created_by,p1_0.description,p1_0.name,p1_0.quantity,p1_0.slug,p1_0.soft_deleted,p1_0.status,p1_0.unit_price,p1_0.updated_at from products p1_0 where 1=1 and p1_0.soft_deleted=? order by p1_0.id limit ?,?
04:53:24.269 DEBUG org.hibernate.SQL - select oi1_0.id,oi1_0.config,oi1_0.created_at,oi1_0.created_by,oi1_0.order_id,p1_0.id,p1_0.category_id,p1_0.color,p1_0.config,p1_0.created_at,p1_0.created_by,p1_0.description,p1_0.name,p1_0.quantity,p1_0.slug,p1_0.soft_deleted,p1_0.status,p1_0.unit_price,p1_0.updated_at,oi1_0.quantity,oi1_0.unit_price,oi1_0.updated_at from order_items oi1_0 left join products p1_0 on p1_0.id=oi1_0.product_id where oi1_0.product_id=?
04:53:24.276 DEBUG org.hibernate.SQL - select oi1_0.id,oi1_0.config,oi1_0.created_at,oi1_0.created_by,oi1_0.order_id,p1_0.id,p1_0.category_id,p1_0.color,p1_0.config,p1_0.created_at,p1_0.created_by,p1_0.description,p1_0.name,p1_0.quantity,p1_0.slug,p1_0.soft_deleted,p1_0.status,p1_0.unit_price,p1_0.updated_at,oi1_0.quantity,oi1_0.unit_price,oi1_0.updated_at from order_items oi1_0 left join products p1_0 on p1_0.id=oi1_0.product_id where oi1_0.product_id=?
04:53:24.280 DEBUG org.hibernate.SQL - select oi1_0.id,oi1_0.config,oi1_0.created_at,oi1_0.created_by,oi1_0.order_id,p1_0.id,p1_0.category_id,p1_0.color,p1_0.config,p1_0.created_at,p1_0.created_by,p1_0.description,p1_0.name,p1_0.quantity,p1_0.slug,p1_0.soft_deleted,p1_0.status,p1_0.unit_price,p1_0.updated_at,oi1_0.quantity,oi1_0.unit_price,oi1_0.updated_at from order_items oi1_0 left join products p1_0 on p1_0.id=oi1_0.product_id where oi1_0.product_id=?
04:53:24.285 DEBUG org.hibernate.SQL - select oi1_0.id,oi1_0.config,oi1_0.created_at,oi1_0.created_by,oi1_0.order_id,p1_0.id,p1_0.category_id,p1_0.color,p1_0.config,p1_0.created_at,p1_0.created_by,p1_0.description,p1_0.name,p1_0.quantity,p1_0.slug,p1_0.soft_deleted,p1_0.status,p1_0.unit_price,p1_0.updated_at,oi1_0.quantity,oi1_0.unit_price,oi1_0.updated_at from order_items oi1_0 left join products p1_0 on p1_0.id=oi1_0.product_id where oi1_0.product_id=?
04:53:24.290 DEBUG org.hibernate.SQL - select oi1_0.id,oi1_0.config,oi1_0.created_at,oi1_0.created_by,oi1_0.order_id,p1_0.id,p1_0.category_id,p1_0.color,p1_0.config,p1_0.created_at,p1_0.created_by,p1_0.description,p1_0.name,p1_0.quantity,p1_0.slug,p1_0.soft_deleted,p1_0.status,p1_0.unit_price,p1_0.updated_at,oi1_0.quantity,oi1_0.unit_price,oi1_0.updated_at from order_items oi1_0 left join products p1_0 on p1_0.id=oi1_0.product_id where oi1_0.product_id=?
04:53:24.294 DEBUG org.hibernate.SQL - select oi1_0.id,oi1_0.config,oi1_0.created_at,oi1_0.created_by,oi1_0.order_id,p1_0.id,p1_0.category_id,p1_0.color,p1_0.config,p1_0.created_at,p1_0.created_by,p1_0.description,p1_0.name,p1_0.quantity,p1_0.slug,p1_0.soft_deleted,p1_0.status,p1_0.unit_price,p1_0.updated_at,oi1_0.quantity,oi1_0.unit_price,oi1_0.updated_at from order_items oi1_0 left join products p1_0 on p1_0.id=oi1_0.product_id where oi1_0.product_id=?
04:53:24.304 DEBUG org.hibernate.SQL - select i1_0.product_id,i1_0.id,i1_0.created_at,i1_0.created_by,i1_0.is_default,i1_0.path,i1_0.updated_at from product_images i1_0 where i1_0.product_id=?
04:53:24.309 DEBUG org.hibernate.SQL - select i1_0.product_id,i1_0.id,i1_0.created_at,i1_0.created_by,i1_0.is_default,i1_0.path,i1_0.updated_at from product_images i1_0 where i1_0.product_id=?
04:53:24.314 DEBUG org.hibernate.SQL - select i1_0.product_id,i1_0.id,i1_0.created_at,i1_0.created_by,i1_0.is_default,i1_0.path,i1_0.updated_at from product_images i1_0 where i1_0.product_id=?
04:53:24.317 DEBUG org.hibernate.SQL - select i1_0.product_id,i1_0.id,i1_0.created_at,i1_0.created_by,i1_0.is_default,i1_0.path,i1_0.updated_at from product_images i1_0 where i1_0.product_id=?
04:53:24.322 DEBUG org.hibernate.SQL - select i1_0.product_id,i1_0.id,i1_0.created_at,i1_0.created_by,i1_0.is_default,i1_0.path,i1_0.updated_at from product_images i1_0 where i1_0.product_id=?
04:53:24.326 DEBUG org.hibernate.SQL - select i1_0.product_id,i1_0.id,i1_0.created_at,i1_0.created_by,i1_0.is_default,i1_0.path,i1_0.updated_at from product_images i1_0 where i1_0.product_id=?
04:53:25.270 DEBUG org.hibernate.SQL - select c1_0.id,c1_0.config,c1_0.created_at,c1_0.created_by,c1_0.is_default,c1_0.name,c1_0.parent_id,c1_0.slug,c1_0.soft_deleted,c1_0.updated_at from categories c1_0 where 1=1 and c1_0.soft_deleted=? order by c1_0.id limit ?,?
04:53:39.664 DEBUG org.hibernate.SQL - select count(*) from invalidated_token it1_0 where it1_0.id=?
04:53:45.392 DEBUG org.hibernate.SQL - select count(*) from invalidated_token it1_0 where it1_0.id=?
04:53:45.523 DEBUG org.hibernate.SQL - select c1_0.id,c1_0.config,c1_0.created_at,c1_0.created_by,c1_0.is_default,c1_0.name,c1_0.parent_id,c1_0.slug,c1_0.soft_deleted,c1_0.updated_at from categories c1_0 where c1_0.id=?
04:53:45.590 DEBUG org.hibernate.SQL - insert into products (category_id,color,config,created_at,created_by,description,name,quantity,slug,soft_deleted,status,unit_price,updated_at) values (?,?,?,?,?,?,?,?,?,?,?,?,?)
04:53:45.626 DEBUG org.hibernate.SQL - select c1_0.id,c1_0.config,c1_0.created_at,c1_0.created_by,c1_0.data,c1_0.lang,c1_0.name,c1_0.updated_at,c1_0.user_id from configurations c1_0 where c1_0.name=?
04:53:46.148 DEBUG org.hibernate.SQL - insert into product_images (created_at,created_by,is_default,path,product_id,updated_at) values (?,?,?,?,?,?)
04:53:46.155 DEBUG org.hibernate.SQL - insert into product_images (created_at,created_by,is_default,path,product_id,updated_at) values (?,?,?,?,?,?)
04:53:46.161 DEBUG org.hibernate.SQL - insert into product_images (created_at,created_by,is_default,path,product_id,updated_at) values (?,?,?,?,?,?)
04:53:46.167 DEBUG org.hibernate.SQL - insert into product_images (created_at,created_by,is_default,path,product_id,updated_at) values (?,?,?,?,?,?)
04:53:46.182 DEBUG org.hibernate.SQL - update products set category_id=?,color=?,config=?,description=?,name=?,quantity=?,slug=?,soft_deleted=?,status=?,unit_price=?,updated_at=? where id=?
