14:10:54.419 DEBUG org.hibernate.SQL - alter table payments modify column payment_method enum ('CASH','TRANSFER') not null
14:10:54.441 DEBUG org.hibernate.SQL - alter table users modify column username VARCHAR(255) COLLATE utf8mb4_unicode_ci
14:10:55.702 DEBUG org.hibernate.SQL - select u1_0.id,u1_0.address,u1_0.avatar,u1_0.config,u1_0.created_at,u1_0.created_by,u1_0.dob,u1_0.email,u1_0.fullname,u1_0.membership_level,u1_0.password,u1_0.phone,u1_0.points,u1_0.soft_deleted,u1_0.status,u1_0.total_spent,u1_0.updated_at,u1_0.username from users u1_0 where u1_0.username=?
14:10:55.710 DEBUG org.hibernate.SQL - select c1_0.id,c1_0.address,c1_0.avatar,c1_0.bank_attachment,c1_0.bank_config,c1_0.config,c1_0.created_at,c1_0.created_by,c1_0.email,c1_0.name,c1_0.phone,c1_0.taxcode,c1_0.updated_at from company c1_0
14:10:55.716 DEBUG org.hibernate.SQL - select c1_0.id from configurations c1_0 where c1_0.name=? limit ?
14:20:08.014 DEBUG org.hibernate.SQL - alter table payments modify column payment_method enum ('CASH','TRANSFER') not null
14:20:08.063 DEBUG org.hibernate.SQL - alter table users modify column username VARCHAR(255) COLLATE utf8mb4_unicode_ci
14:20:11.684 DEBUG org.hibernate.SQL - select u1_0.id,u1_0.address,u1_0.avatar,u1_0.config,u1_0.created_at,u1_0.created_by,u1_0.dob,u1_0.email,u1_0.fullname,u1_0.membership_level,u1_0.password,u1_0.phone,u1_0.points,u1_0.soft_deleted,u1_0.status,u1_0.total_spent,u1_0.updated_at,u1_0.username from users u1_0 where u1_0.username=?
14:20:11.740 DEBUG org.hibernate.SQL - select c1_0.id,c1_0.address,c1_0.avatar,c1_0.bank_attachment,c1_0.bank_config,c1_0.config,c1_0.created_at,c1_0.created_by,c1_0.email,c1_0.name,c1_0.phone,c1_0.taxcode,c1_0.updated_at from company c1_0
14:20:11.751 DEBUG org.hibernate.SQL - select c1_0.id from configurations c1_0 where c1_0.name=? limit ?
14:20:23.071 DEBUG org.hibernate.SQL - select p1_0.id,p1_0.category_id,p1_0.color,p1_0.config,p1_0.created_at,p1_0.created_by,p1_0.description,p1_0.name,p1_0.quantity,p1_0.slug,p1_0.soft_deleted,p1_0.status,p1_0.unit_price,p1_0.updated_at from products p1_0 where 1=1 and p1_0.soft_deleted=? order by p1_0.id limit ?,?
14:20:23.071 DEBUG org.hibernate.SQL - select c1_0.id,c1_0.config,c1_0.created_at,c1_0.created_by,c1_0.description,c1_0.is_default,c1_0.name,c1_0.slug,c1_0.status,c1_0.updated_at from collections c1_0 where 1=1 and c1_0.is_default=? order by c1_0.id limit ?,?
14:20:23.141 DEBUG org.hibernate.SQL - select c1_0.id,c1_0.config,c1_0.created_at,c1_0.created_by,c1_0.description,c1_0.is_default,c1_0.name,c1_0.slug,c1_0.status,c1_0.updated_at from collections c1_0 where 1=1 and c1_0.is_default=? order by c1_0.id limit ?,?
14:20:23.141 DEBUG org.hibernate.SQL - select p1_0.id,p1_0.category_id,p1_0.color,p1_0.config,p1_0.created_at,p1_0.created_by,p1_0.description,p1_0.name,p1_0.quantity,p1_0.slug,p1_0.soft_deleted,p1_0.status,p1_0.unit_price,p1_0.updated_at from products p1_0 where 1=1 and p1_0.soft_deleted=? order by p1_0.id limit ?,?
14:20:23.169 DEBUG org.hibernate.SQL - select count(*) from invalidated_token it1_0 where it1_0.id=?
14:20:23.220 DEBUG org.hibernate.SQL - select u1_0.id,u1_0.address,u1_0.avatar,u1_0.config,u1_0.created_at,u1_0.created_by,u1_0.dob,u1_0.email,u1_0.fullname,u1_0.membership_level,u1_0.password,u1_0.phone,u1_0.points,u1_0.soft_deleted,u1_0.status,u1_0.total_spent,u1_0.updated_at,u1_0.username from users u1_0 where u1_0.username=?
14:20:23.229 DEBUG org.hibernate.SQL - select r1_0.users_id,r1_1.id,r1_1.created_at,r1_1.created_by,r1_1.description,r1_1.name,r1_1.updated_at from users_roles r1_0 join roles r1_1 on r1_1.id=r1_0.roles_id where r1_0.users_id=?
14:20:23.250 DEBUG org.hibernate.SQL - select p1_0.roles_id,p1_1.id,p1_1.created_at,p1_1.created_by,p1_1.description,p1_1.name,p1_1.updated_at from roles_permissions p1_0 join permissions p1_1 on p1_1.id=p1_0.permissions_id where p1_0.roles_id=?
14:20:23.279 DEBUG org.hibernate.SQL - select count(*) from invalidated_token it1_0 where it1_0.id=?
14:20:23.291 DEBUG org.hibernate.SQL - select u1_0.id,u1_0.address,u1_0.avatar,u1_0.config,u1_0.created_at,u1_0.created_by,u1_0.dob,u1_0.email,u1_0.fullname,u1_0.membership_level,u1_0.password,u1_0.phone,u1_0.points,u1_0.soft_deleted,u1_0.status,u1_0.total_spent,u1_0.updated_at,u1_0.username from users u1_0 where u1_0.username=?
14:20:23.296 DEBUG org.hibernate.SQL - select r1_0.users_id,r1_1.id,r1_1.created_at,r1_1.created_by,r1_1.description,r1_1.name,r1_1.updated_at from users_roles r1_0 join roles r1_1 on r1_1.id=r1_0.roles_id where r1_0.users_id=?
14:20:23.300 DEBUG org.hibernate.SQL - select p1_0.roles_id,p1_1.id,p1_1.created_at,p1_1.created_by,p1_1.description,p1_1.name,p1_1.updated_at from roles_permissions p1_0 join permissions p1_1 on p1_1.id=p1_0.permissions_id where p1_0.roles_id=?
14:20:23.315 DEBUG org.hibernate.SQL - select count(*) from invalidated_token it1_0 where it1_0.id=?
14:20:23.324 DEBUG org.hibernate.SQL - select u1_0.id,u1_0.address,u1_0.avatar,u1_0.config,u1_0.created_at,u1_0.created_by,u1_0.dob,u1_0.email,u1_0.fullname,u1_0.membership_level,u1_0.password,u1_0.phone,u1_0.points,u1_0.soft_deleted,u1_0.status,u1_0.total_spent,u1_0.updated_at,u1_0.username from users u1_0 where u1_0.username=?
14:20:23.329 DEBUG org.hibernate.SQL - select r1_0.users_id,r1_1.id,r1_1.created_at,r1_1.created_by,r1_1.description,r1_1.name,r1_1.updated_at from users_roles r1_0 join roles r1_1 on r1_1.id=r1_0.roles_id where r1_0.users_id=?
14:20:23.331 DEBUG org.hibernate.SQL - select p1_0.roles_id,p1_1.id,p1_1.created_at,p1_1.created_by,p1_1.description,p1_1.name,p1_1.updated_at from roles_permissions p1_0 join permissions p1_1 on p1_1.id=p1_0.permissions_id where p1_0.roles_id=?
14:20:23.343 DEBUG org.hibernate.SQL - select count(*) from invalidated_token it1_0 where it1_0.id=?
14:20:23.351 DEBUG org.hibernate.SQL - select u1_0.id,u1_0.address,u1_0.avatar,u1_0.config,u1_0.created_at,u1_0.created_by,u1_0.dob,u1_0.email,u1_0.fullname,u1_0.membership_level,u1_0.password,u1_0.phone,u1_0.points,u1_0.soft_deleted,u1_0.status,u1_0.total_spent,u1_0.updated_at,u1_0.username from users u1_0 where u1_0.username=?
14:20:23.356 DEBUG org.hibernate.SQL - select r1_0.users_id,r1_1.id,r1_1.created_at,r1_1.created_by,r1_1.description,r1_1.name,r1_1.updated_at from users_roles r1_0 join roles r1_1 on r1_1.id=r1_0.roles_id where r1_0.users_id=?
14:20:23.360 DEBUG org.hibernate.SQL - select p1_0.roles_id,p1_1.id,p1_1.created_at,p1_1.created_by,p1_1.description,p1_1.name,p1_1.updated_at from roles_permissions p1_0 join permissions p1_1 on p1_1.id=p1_0.permissions_id where p1_0.roles_id=?
14:55:55.107 DEBUG org.hibernate.SQL - select count(*) from invalidated_token it1_0 where it1_0.id=?
14:55:55.118 DEBUG org.hibernate.SQL - select p1_0.id,p1_0.category_id,p1_0.color,p1_0.config,p1_0.created_at,p1_0.created_by,p1_0.description,p1_0.name,p1_0.quantity,p1_0.slug,p1_0.soft_deleted,p1_0.status,p1_0.unit_price,p1_0.updated_at from products p1_0 where 1=1 and p1_0.soft_deleted=? order by p1_0.id limit ?,?
14:55:55.118 DEBUG org.hibernate.SQL - select c1_0.id,c1_0.config,c1_0.created_at,c1_0.created_by,c1_0.description,c1_0.is_default,c1_0.name,c1_0.slug,c1_0.status,c1_0.updated_at from collections c1_0 where 1=1 and c1_0.is_default=? order by c1_0.id limit ?,?
14:55:55.158 DEBUG org.hibernate.SQL - select u1_0.id,u1_0.address,u1_0.avatar,u1_0.config,u1_0.created_at,u1_0.created_by,u1_0.dob,u1_0.email,u1_0.fullname,u1_0.membership_level,u1_0.password,u1_0.phone,u1_0.points,u1_0.soft_deleted,u1_0.status,u1_0.total_spent,u1_0.updated_at,u1_0.username from users u1_0 where u1_0.username=?
14:55:55.197 DEBUG org.hibernate.SQL - select r1_0.users_id,r1_1.id,r1_1.created_at,r1_1.created_by,r1_1.description,r1_1.name,r1_1.updated_at from users_roles r1_0 join roles r1_1 on r1_1.id=r1_0.roles_id where r1_0.users_id=?
14:55:55.199 DEBUG org.hibernate.SQL - select p1_0.id,p1_0.category_id,p1_0.color,p1_0.config,p1_0.created_at,p1_0.created_by,p1_0.description,p1_0.name,p1_0.quantity,p1_0.slug,p1_0.soft_deleted,p1_0.status,p1_0.unit_price,p1_0.updated_at from products p1_0 where 1=1 and p1_0.soft_deleted=? order by p1_0.id limit ?,?
14:55:55.206 DEBUG org.hibernate.SQL - select c1_0.id,c1_0.config,c1_0.created_at,c1_0.created_by,c1_0.description,c1_0.is_default,c1_0.name,c1_0.slug,c1_0.status,c1_0.updated_at from collections c1_0 where 1=1 and c1_0.is_default=? order by c1_0.id limit ?,?
14:55:55.207 DEBUG org.hibernate.SQL - select p1_0.roles_id,p1_1.id,p1_1.created_at,p1_1.created_by,p1_1.description,p1_1.name,p1_1.updated_at from roles_permissions p1_0 join permissions p1_1 on p1_1.id=p1_0.permissions_id where p1_0.roles_id=?
14:55:55.231 DEBUG org.hibernate.SQL - select count(*) from invalidated_token it1_0 where it1_0.id=?
14:55:55.252 DEBUG org.hibernate.SQL - select u1_0.id,u1_0.address,u1_0.avatar,u1_0.config,u1_0.created_at,u1_0.created_by,u1_0.dob,u1_0.email,u1_0.fullname,u1_0.membership_level,u1_0.password,u1_0.phone,u1_0.points,u1_0.soft_deleted,u1_0.status,u1_0.total_spent,u1_0.updated_at,u1_0.username from users u1_0 where u1_0.username=?
14:55:55.258 DEBUG org.hibernate.SQL - select r1_0.users_id,r1_1.id,r1_1.created_at,r1_1.created_by,r1_1.description,r1_1.name,r1_1.updated_at from users_roles r1_0 join roles r1_1 on r1_1.id=r1_0.roles_id where r1_0.users_id=?
14:55:55.263 DEBUG org.hibernate.SQL - select p1_0.roles_id,p1_1.id,p1_1.created_at,p1_1.created_by,p1_1.description,p1_1.name,p1_1.updated_at from roles_permissions p1_0 join permissions p1_1 on p1_1.id=p1_0.permissions_id where p1_0.roles_id=?
14:55:55.279 DEBUG org.hibernate.SQL - select count(*) from invalidated_token it1_0 where it1_0.id=?
14:55:55.294 DEBUG org.hibernate.SQL - select u1_0.id,u1_0.address,u1_0.avatar,u1_0.config,u1_0.created_at,u1_0.created_by,u1_0.dob,u1_0.email,u1_0.fullname,u1_0.membership_level,u1_0.password,u1_0.phone,u1_0.points,u1_0.soft_deleted,u1_0.status,u1_0.total_spent,u1_0.updated_at,u1_0.username from users u1_0 where u1_0.username=?
14:55:55.300 DEBUG org.hibernate.SQL - select r1_0.users_id,r1_1.id,r1_1.created_at,r1_1.created_by,r1_1.description,r1_1.name,r1_1.updated_at from users_roles r1_0 join roles r1_1 on r1_1.id=r1_0.roles_id where r1_0.users_id=?
14:55:55.304 DEBUG org.hibernate.SQL - select p1_0.roles_id,p1_1.id,p1_1.created_at,p1_1.created_by,p1_1.description,p1_1.name,p1_1.updated_at from roles_permissions p1_0 join permissions p1_1 on p1_1.id=p1_0.permissions_id where p1_0.roles_id=?
14:55:55.319 DEBUG org.hibernate.SQL - select count(*) from invalidated_token it1_0 where it1_0.id=?
14:55:55.335 DEBUG org.hibernate.SQL - select u1_0.id,u1_0.address,u1_0.avatar,u1_0.config,u1_0.created_at,u1_0.created_by,u1_0.dob,u1_0.email,u1_0.fullname,u1_0.membership_level,u1_0.password,u1_0.phone,u1_0.points,u1_0.soft_deleted,u1_0.status,u1_0.total_spent,u1_0.updated_at,u1_0.username from users u1_0 where u1_0.username=?
14:55:55.341 DEBUG org.hibernate.SQL - select r1_0.users_id,r1_1.id,r1_1.created_at,r1_1.created_by,r1_1.description,r1_1.name,r1_1.updated_at from users_roles r1_0 join roles r1_1 on r1_1.id=r1_0.roles_id where r1_0.users_id=?
14:55:55.345 DEBUG org.hibernate.SQL - select p1_0.roles_id,p1_1.id,p1_1.created_at,p1_1.created_by,p1_1.description,p1_1.name,p1_1.updated_at from roles_permissions p1_0 join permissions p1_1 on p1_1.id=p1_0.permissions_id where p1_0.roles_id=?
